<?xml version="1.0" encoding="UTF-8"?>
<testsuite name="ComputerRepairRequestTest" tests="2" skipped="0" failures="0" errors="0" timestamp="2025-03-04T16:38:40" hostname="DESKTOP-D08DA78" time="0.843">
  <properties/>
  <testcase name="Primul test" classname="ComputerRepairRequestTest" time="0.834"/>
  <testcase name="Al doilea test" classname="ComputerRepairRequestTest" time="0.002"/>
  <system-out><![CDATA[]]></system-out>
  <system-err><![CDATA[]]></system-err>
</testsuite>
